<?xml version="1.0" encoding="UTF-8"?>
<!-- Generated by org.testng.reporters.JUnitXMLReporter -->
<testsuite hostname="VIBHJAIN-G2C5W" ignored="0" name="Default test" tests="3" failures="0" timestamp="24 Feb 2018 08:00:46 GMT" time="0.083" errors="0">
  <testcase name="@BeforeClass preClassSetup" time="0.0" classname="com.cisco.automation.modules.inv.TestInv">
    <failure type="org.testng.TestNGException" message="
Parameter &amp;apos;server_ip&amp;apos; is required by BeforeClass on method preClassSetup but has not been marked @Optional or defined
in C:\Users\vibhjain\AppData\Local\Temp\testng-eclipse-706959919\testng-customsuite.xml">
      <![CDATA[org.testng.TestNGException: 
Parameter 'server_ip' is required by BeforeClass on method preClassSetup but has not been marked @Optional or defined
in C:\Users\vibhjain\AppData\Local\Temp\testng-eclipse-706959919\testng-customsuite.xml
	at org.testng.internal.Parameters.createParameters(Parameters.java:199)
	at org.testng.internal.Parameters.createParameters(Parameters.java:443)
	at org.testng.internal.Parameters.createConfigurationParameters(Parameters.java:118)
	at org.testng.internal.Invoker.invokeConfigurations(Invoker.java:206)
	at org.testng.internal.Invoker.invokeConfigurations(Invoker.java:146)
	at org.testng.internal.TestMethodWorker.invokeBeforeClassMethods(TestMethodWorker.java:166)
	at org.testng.internal.TestMethodWorker.run(TestMethodWorker.java:105)
	at org.testng.TestRunner.privateRun(TestRunner.java:744)
	at org.testng.TestRunner.run(TestRunner.java:602)
	at org.testng.SuiteRunner.runTest(SuiteRunner.java:380)
	at org.testng.SuiteRunner.runSequentially(SuiteRunner.java:375)
	at org.testng.SuiteRunner.privateRun(SuiteRunner.java:340)
	at org.testng.SuiteRunner.run(SuiteRunner.java:289)
	at org.testng.SuiteRunnerWorker.runSuite(SuiteRunnerWorker.java:52)
	at org.testng.SuiteRunnerWorker.run(SuiteRunnerWorker.java:86)
	at org.testng.TestNG.runSuitesSequentially(TestNG.java:1301)
	at org.testng.TestNG.runSuitesLocally(TestNG.java:1226)
	at org.testng.TestNG.runSuites(TestNG.java:1144)
	at org.testng.TestNG.run(TestNG.java:1115)
	at org.testng.remote.AbstractRemoteTestNG.run(AbstractRemoteTestNG.java:114)
	at org.testng.remote.RemoteTestNG.initAndRun(RemoteTestNG.java:251)
	at org.testng.remote.RemoteTestNG.main(RemoteTestNG.java:77)
]]>
    </failure>
  </testcase> <!-- @BeforeClass preClassSetup -->
  <testcase name="@BeforeMethod preMethodSetup" time="0.0" classname="com.cisco.automation.modules.inv.TestInv">
    <skipped/>
  </testcase> <!-- @BeforeMethod preMethodSetup -->
  <testcase name="@BeforeMethod preMethodSetup" time="0.0" classname="com.cisco.automation.modules.inv.TestInv">
    <skipped/>
  </testcase> <!-- @BeforeMethod preMethodSetup -->
  <testcase name="@BeforeMethod preMethodSetup" time="0.0" classname="com.cisco.automation.modules.inv.TestInv">
    <skipped/>
  </testcase> <!-- @BeforeMethod preMethodSetup -->
  <testcase name="TestGrouping" time="0.001" classname="com.cisco.automation.modules.inv.TestInv">
    <skipped/>
  </testcase> <!-- TestGrouping -->
  <testcase name="TestHardAssertion" time="0.0" classname="com.cisco.automation.modules.inv.TestInv">
    <skipped/>
  </testcase> <!-- TestHardAssertion -->
  <testcase name="TestSoftAssertion" time="0.0" classname="com.cisco.automation.modules.inv.TestInv">
    <skipped/>
  </testcase> <!-- TestSoftAssertion -->
</testsuite> <!-- Default test -->
