<?xml version="1.0" encoding="UTF-8"?>
<!-- Generated by org.testng.reporters.JUnitXMLReporter -->
<testsuite hostname="VIBHJAIN-G2C5W" ignored="0" name="Test" tests="3" failures="0" timestamp="23 Feb 2018 12:43:12 GMT" time="0.062" errors="0">
  <testcase name="Test1" time="0.022" classname="com.cisco.automation.modules.fault.TestFault"/>
  <testcase name="Test1" time="0.001" classname="com.cisco.automation.modules.inv.TestInv"/>
  <testcase name="Test1" time="0.001" classname="com.cisco.automation.modules.session_mon.TestSessionMon"/>
</testsuite> <!-- Test -->
