<?xml version="1.0" encoding="UTF-8"?>
<!-- Generated by org.testng.reporters.JUnitXMLReporter -->
<testsuite hostname="VIBHJAIN-G2C5W" ignored="0" name="Test" tests="3" failures="0" timestamp="24 Feb 2018 02:12:04 GMT" time="0.056" errors="0">
  <testcase name="Test1" time="0.016" classname="com.cisco.automation.modules.fault.TestFault"/>
  <testcase name="Test1" time="0.001" classname="com.cisco.automation.modules.inv.TestInv"/>
  <testcase name="Test1" time="0.001" classname="com.cisco.automation.modules.session_mon.TestSessionMon"/>
</testsuite> <!-- Test -->
