<?xml version="1.0" encoding="UTF-8"?>
<!-- Generated by org.testng.reporters.JUnitXMLReporter -->
<testsuite hostname="VIBHJAIN-G2C5W" ignored="0" name="Test" tests="4" failures="0" timestamp="13 Mar 2018 05:06:42 GMT" time="0.04" errors="0">
  <testcase name="@BeforeSuite setup" time="0.0" classname="com.cisco.automation.modules.global.CMADTest">
    <failure type="org.testng.TestNGException" message="
Parameter &amp;apos;server_ip&amp;apos; is required by BeforeSuite on method setup but has not been marked @Optional or defined
in C:\Users\vibhjain\Desktop\CISCO_DOCS\STUDY_18\GIT_CMAD_TESTNG\TestNGAutomation\src\main\resources\suites\testng-parameter.xml">
      <![CDATA[org.testng.TestNGException: 
Parameter 'server_ip' is required by BeforeSuite on method setup but has not been marked @Optional or defined
in C:\Users\vibhjain\Desktop\CISCO_DOCS\STUDY_18\GIT_CMAD_TESTNG\TestNGAutomation\src\main\resources\suites\testng-parameter.xml
... Removed 16 stack frames]]>
    </failure>
  </testcase> <!-- @BeforeSuite setup -->
  <testcase name="TestDependency2" time="0.001" classname="com.cisco.automation.modules.user.TestUser">
    <skipped/>
  </testcase> <!-- TestDependency2 -->
  <testcase name="TestDependency3" time="0.0" classname="com.cisco.automation.modules.user.TestUser">
    <skipped/>
  </testcase> <!-- TestDependency3 -->
  <testcase name="TestDependency1" time="0.0" classname="com.cisco.automation.modules.user.TestUser">
    <skipped/>
  </testcase> <!-- TestDependency1 -->
  <testcase name="Test1" time="0.001" classname="com.cisco.automation.modules.blog.TestBlog">
    <skipped/>
  </testcase> <!-- Test1 -->
</testsuite> <!-- Test -->
