<?xml version="1.0" encoding="UTF-8"?>
<testng-results skipped="0" failed="0" ignored="0" total="3" passed="3">
  <reporter-output>
  </reporter-output>
  <suite name="Suite" duration-ms="56" started-at="2018-02-24T02:12:03Z" finished-at="2018-02-24T02:12:03Z">
    <groups>
    </groups>
    <test name="Test" duration-ms="56" started-at="2018-02-24T02:12:03Z" finished-at="2018-02-24T02:12:03Z">
      <class name="com.cisco.automation.modules.session_mon.TestSessionMon">
        <test-method status="PASS" signature="Test1()[pri:0, instance:com.cisco.automation.modules.session_mon.TestSessionMon@3d24753a]" name="Test1" duration-ms="1" started-at="2018-02-24T07:42:03Z" finished-at="2018-02-24T07:42:03Z">
          <reporter-output>
          </reporter-output>
        </test-method> <!-- Test1 -->
      </class> <!-- com.cisco.automation.modules.session_mon.TestSessionMon -->
      <class name="com.cisco.automation.modules.fault.TestFault">
        <test-method status="PASS" signature="Test1()[pri:0, instance:com.cisco.automation.modules.fault.TestFault@57829d67]" name="Test1" duration-ms="16" started-at="2018-02-24T07:42:03Z" finished-at="2018-02-24T07:42:03Z">
          <reporter-output>
          </reporter-output>
        </test-method> <!-- Test1 -->
      </class> <!-- com.cisco.automation.modules.fault.TestFault -->
      <class name="com.cisco.automation.modules.inv.TestInv">
        <test-method status="PASS" signature="Test1()[pri:0, instance:com.cisco.automation.modules.inv.TestInv@7e0ea639]" name="Test1" duration-ms="1" started-at="2018-02-24T07:42:03Z" finished-at="2018-02-24T07:42:03Z">
          <reporter-output>
          </reporter-output>
        </test-method> <!-- Test1 -->
      </class> <!-- com.cisco.automation.modules.inv.TestInv -->
    </test> <!-- Test -->
  </suite> <!-- Suite -->
</testng-results>
