<?xml version="1.0" encoding="UTF-8"?>
<testng-results skipped="0" failed="0" ignored="1" total="5" passed="4">
  <reporter-output>
  </reporter-output>
  <suite name="Regression Suite" duration-ms="32" started-at="2018-03-13T05:20:52Z" finished-at="2018-03-13T05:20:52Z">
    <groups>
    </groups>
    <test name="Test" duration-ms="32" started-at="2018-03-13T05:20:52Z" finished-at="2018-03-13T05:20:52Z">
      <class name="com.cisco.automation.modules.user.TestUser">
        <test-method status="PASS" signature="setup(java.lang.String, java.lang.String, java.lang.String)[pri:0, instance:com.cisco.automation.modules.user.TestUser@28feb3fa]" name="setup" is-config="true" duration-ms="960" started-at="2018-03-13T10:50:51Z" finished-at="2018-03-13T10:50:52Z">
          <params>
            <param index="0">
              <value>
                <![CDATA[127.0.0.1]]>
              </value>
            </param>
            <param index="1">
              <value>
                <![CDATA[username]]>
              </value>
            </param>
            <param index="2">
              <value>
                <![CDATA[secret]]>
              </value>
            </param>
          </params>
          <reporter-output>
          </reporter-output>
        </test-method> <!-- setup -->
        <test-method status="PASS" signature="TestDependency2()[pri:0, instance:com.cisco.automation.modules.user.TestUser@28feb3fa]" name="TestDependency2" duration-ms="5" started-at="2018-03-13T10:50:52Z" description="my second session mon test case" finished-at="2018-03-13T10:50:52Z">
          <reporter-output>
          </reporter-output>
        </test-method> <!-- TestDependency2 -->
        <test-method status="PASS" signature="TestDependency3()[pri:0, instance:com.cisco.automation.modules.user.TestUser@28feb3fa]" name="TestDependency3" duration-ms="2" started-at="2018-03-13T10:50:52Z" description="my third session mon test case" finished-at="2018-03-13T10:50:52Z">
          <reporter-output>
          </reporter-output>
        </test-method> <!-- TestDependency3 -->
        <test-method status="PASS" signature="TestDependency1()[pri:0, instance:com.cisco.automation.modules.user.TestUser@28feb3fa]" name="TestDependency1" duration-ms="1" started-at="2018-03-13T10:50:52Z" description="my first session mon test case" depends-on-methods="com.cisco.automation.modules.user.TestUser.TestDependency2" finished-at="2018-03-13T10:50:52Z">
          <reporter-output>
          </reporter-output>
        </test-method> <!-- TestDependency1 -->
      </class> <!-- com.cisco.automation.modules.user.TestUser -->
      <class name="com.cisco.automation.modules.blog.TestBlog">
        <test-method status="PASS" signature="Test1()[pri:0, instance:com.cisco.automation.modules.blog.TestBlog@1593948d]" name="Test1" duration-ms="1" started-at="2018-03-13T10:50:52Z" finished-at="2018-03-13T10:50:52Z">
          <reporter-output>
          </reporter-output>
        </test-method> <!-- Test1 -->
      </class> <!-- com.cisco.automation.modules.blog.TestBlog -->
    </test> <!-- Test -->
  </suite> <!-- Regression Suite -->
</testng-results>
